============================================================
FROST-SOP V1.0 - Family AI Command Platform
============================================================

[1] Initializing family Stores...
   Constitution Store created
   Asset Store created

[2] Creating Ancestor Agent...
   Ancestor Agent ready

[3] Task: 用Python写一个计算斐波那契数列的函数
   SOP: DEV-001
✅ 19张表初始化完成
   [DB] Task persisted: task_48250201a3bd

[4] Ancestor decomposing task: 用Python写一个计算斐波那契数列的函数
   Decomposition result: {
  "task": "用Python写一个计算斐波那契数列的函数",
  "parent_agents": [
    {
      "agent_name": "代码编写专家",
      "description": "负责编写Python函数，实现斐波那契数列的计算，确保逻辑正确且高效，支持递归或迭代方法。"
    },
    {
      "agent_name": "代码测试与验证专家",
      "description": "负责测试该函数，包括边界值（如n=0, n=1）、正常值和较大值，验证结果准确性并处理潜在错误。"
    },
    {
      "agent_name": "文档与优化专家",
      "description": "负责为函数添加注释和文档字符串，解释算法原理，并根据需要优化性能（如使用记忆化或迭代）。"
    }
  ]
}

[5] Creating Parent Agent and executing DEV-001 SOP...
   Loaded SOP: 新功能开发 v1.0
   [DB] SOP execution logged: id=111
   Compliance check: [PASS] Passed

[5.4] 父辈搜索替代SOP模板...
   搜索结果: 找到 1 个SOP模板
   - 来源: web, SOP: 新功能开发

[5.5] 对外部搜索到的SOP进行合规校验...
   外部SOP合规校验: [PASS] 通过（可以加载使用）

[5.3] 父辈内化搜索到的 SOP...
   使用外部搜索结果: 来源=web, SOP=新功能开发
   内化结果: 5 个阶段
   - execute_stage:需求分析
   - execute_stage:技术设计
   - execute_stage:代码实现
   - execute_stage:测试验证
   - execute_stage:审查交付

[5.4] 父辈按内化SOP执行各阶段（创建孙辈Agent）...

   --- 阶段 1/5: 需求分析 ---
   孙辈Agent(gen=2): product_manager
   状态: completed
   产出: [需求分析] 好的，遵照您的指示。以下是根据您提供的需求信息（由于您未提供具体信息，我将基于一个常见的、典型的需求场景——例如“一个面向中小企业的人事管理系统的...

   --- 阶段 2/5: 技术设计 ---
   孙辈Agent(gen=2): architect
   状态: completed
   产出: [技术设计] # API接口定义与数据交互规范

## 1. 概述

本文档定义了系统核心API接口、数据模型及交互规范。所有接口遵循RESTful设计原则，采...

   --- 阶段 3/5: 代码实现 ---
   孙辈Agent(gen=2): developer
   状态: completed
   产出: [代码实现] <!DOCTYPE html>
<html>
<head>
    <meta charset="UTF-8">
    <title>调试示例<...

   --- 阶段 4/5: 测试验证 ---
   孙辈Agent(gen=2): tester
   状态: completed
   产出: [测试验证] # 测试报告

## 1. 概述

本报告基于对系统功能模块的全面测试及验证数据，旨在评估系统稳定性、功能完整性和性能表现。测试周期为2024年1...

   --- 阶段 5/5: 审查交付 ---
   孙辈Agent(gen=2): auditor
   状态: completed
   产出: [审查交付] # 交付物审查记录

## 审查基本信息

| 项目 | 内容 |
|------|------|
| 审查编号 | REV-2024-001 |...

[5.5] 父辈收割产出...
   已收割 5 个阶段的产出到资产Store
   [DB] Task task_48250201a3bd completed, all results persisted

[5.6] V2.0 触发长老自动审计...
  🔮 [V2.0-长老审计] 后台审计已启动，task_id=task_48250201a3bd
Agent生命周期记录失败 (parent_dev, destroyed): bad parameter or other API misuse
   [V2.0] 长老审计后台线程已启动

============================================================
FROST-SOP V1.0 Task Execution Complete
============================================================
